<?xml version="1.0" encoding="UTF-8"?>
<robot generator="Robot 7.0 (Python 3.10.14 on win32)" generated="2024-03-29T17:27:06.731017" rpa="false" schemaversion="5">
<suite id="s1" name="AuthorizationTestCases" source="C:\Users\leysan\Desktop\robot_framework_saucedemo\test_cases\AuthorizationTestCases.robot">
<test id="s1-t1" name="Open browser" line="8">
<kw name="Open Website" owner="Authorization">
<msg time="2024-03-29T17:27:07.139612" level="INFO">Opening website: https://www.saucedemo.com/v1/</msg>
<msg time="2024-03-29T17:27:08.074318" level="INFO">${response} = 200</msg>
<var>${response}</var>
<arg>url=${URL}</arg>
<status status="PASS" start="2024-03-29T17:27:07.139612" elapsed="0.934706"/>
</kw>
<kw name="Should Be Equal" owner="BuiltIn">
<arg>${response}</arg>
<arg>${200}</arg>
<doc>Fails if the given objects are unequal.</doc>
<status status="PASS" start="2024-03-29T17:27:08.076315" elapsed="0.001001"/>
</kw>
<doc>Проверка открытия ссылки</doc>
<tag>check:positive</tag>
<status status="PASS" start="2024-03-29T17:27:07.138058" elapsed="0.939258"/>
</test>
<test id="s1-t2" name="Fill login and PASSWORD" line="14">
<kw name="Auth" owner="Authorization">
<msg time="2024-03-29T17:27:08.876077" level="INFO">${response} = 200</msg>
<var>${response}</var>
<arg>url=${URL}</arg>
<arg>username=${USERNAME}</arg>
<arg>password= ${PASSWORD}</arg>
<status status="PASS" start="2024-03-29T17:27:08.082354" elapsed="0.793723"/>
</kw>
<kw name="Should Be Equal" owner="BuiltIn">
<arg>${response}</arg>
<arg>${200}</arg>
<doc>Fails if the given objects are unequal.</doc>
<status status="PASS" start="2024-03-29T17:27:08.877078" elapsed="0.000999"/>
</kw>
<doc>Проверка аутентификации</doc>
<tag>check:positive</tag>
<status status="PASS" start="2024-03-29T17:27:08.081344" elapsed="0.797698"/>
</test>
<test id="s1-t3" name="Check empty cart" line="22">
<kw name="Auth" owner="Authorization">
<msg time="2024-03-29T17:27:09.629317" level="INFO">${response} = 200</msg>
<var>${response}</var>
<arg>url=${URL}</arg>
<arg>username=${USERNAME}</arg>
<arg>password= ${PASSWORD}</arg>
<status status="PASS" start="2024-03-29T17:27:08.883270" elapsed="0.746047"/>
</kw>
<kw name="Should Be Equal" owner="BuiltIn">
<arg>${response}</arg>
<arg>${200}</arg>
<doc>Fails if the given objects are unequal.</doc>
<status status="PASS" start="2024-03-29T17:27:09.629317" elapsed="0.000000"/>
</kw>
<kw name="Empty Cart" owner="Cart">
<msg time="2024-03-29T17:27:14.806293" level="INFO">${response} = None</msg>
<var>${response}</var>
<arg>url=${URL_CART}</arg>
<status status="PASS" start="2024-03-29T17:27:09.629317" elapsed="5.176976"/>
</kw>
<kw name="Should Be Equal" owner="BuiltIn">
<arg>${response}</arg>
<arg>${None}</arg>
<doc>Fails if the given objects are unequal.</doc>
<status status="PASS" start="2024-03-29T17:27:14.806293" elapsed="0.000000"/>
</kw>
<doc>Проверка что корзина пустая</doc>
<tag>check:positive</tag>
<status status="PASS" start="2024-03-29T17:27:08.882272" elapsed="5.927040"/>
</test>
<status status="PASS" start="2024-03-29T17:27:06.734017" elapsed="8.075295"/>
</suite>
<statistics>
<total>
<stat pass="3" fail="0" skip="0">All Tests</stat>
</total>
<tag>
<stat pass="3" fail="0" skip="0">check:positive</stat>
</tag>
<suite>
<stat pass="3" fail="0" skip="0" id="s1" name="AuthorizationTestCases">AuthorizationTestCases</stat>
</suite>
</statistics>
<errors>
</errors>
</robot>
